<?xml version="1.0" encoding="UTF-8"?>
<testng-results ignored="0" total="1" passed="1" failed="0" skipped="0">
  <reporter-output>
  </reporter-output>
  <suite started-at="2022-07-21T18:51:48Z" name="Default suite" finished-at="2022-07-21T18:52:19Z" duration-ms="30726">
    <groups>
    </groups>
    <test started-at="2022-07-21T18:51:48Z" name="Default test" finished-at="2022-07-21T18:52:19Z" duration-ms="30726">
      <class name="TestCasesClass.MyFirstClass">
        <test-method is-config="true" signature="setup()[pri:0, instance:TestCasesClass.MyFirstClass@571c5681]" started-at="2022-07-21T18:51:48Z" name="setup" finished-at="2022-07-21T18:52:04Z" duration-ms="15710" status="PASS">
          <reporter-output>
          </reporter-output>
        </test-method> <!-- setup -->
        <test-method signature="firstTC()[pri:0, instance:TestCasesClass.MyFirstClass@571c5681]" started-at="2022-07-21T18:52:04Z" name="firstTC" finished-at="2022-07-21T18:52:19Z" duration-ms="14977" status="PASS">
          <reporter-output>
          </reporter-output>
        </test-method> <!-- firstTC -->
        <test-method is-config="true" signature="after()[pri:0, instance:TestCasesClass.MyFirstClass@571c5681]" started-at="2022-07-21T18:52:19Z" name="after" finished-at="2022-07-21T18:52:19Z" duration-ms="0" status="PASS">
          <reporter-output>
          </reporter-output>
        </test-method> <!-- after -->
      </class> <!-- TestCasesClass.MyFirstClass -->
    </test> <!-- Default test -->
  </suite> <!-- Default suite -->
</testng-results>
